[1.355s] Invoking command in '/home/ubuntu/ros2_ws/src/build/microstrain_inertial_description': /usr/bin/cmake /home/ubuntu/ros2_ws/src/microstrain_inertial/microstrain_inertial_description -DCATKIN_INSTALL_INTO_PREFIX_ROOT=0 -DCMAKE_INSTALL_PREFIX=/home/ubuntu/ros2_ws/src/install/microstrain_inertial_description
[1.745s] -- The C compiler identification is GNU 9.4.0
[2.133s] -- The CXX compiler identification is GNU 9.4.0
[2.181s] -- Check for working C compiler: /usr/bin/cc
[2.596s] -- Check for working C compiler: /usr/bin/cc -- works
[2.599s] -- Detecting C compiler ABI info
[3.018s] -- Detecting C compiler ABI info - done
[3.080s] -- Detecting C compile features
[3.081s] -- Detecting C compile features - done
[3.104s] -- Check for working CXX compiler: /usr/bin/c++
[3.702s] -- Check for working CXX compiler: /usr/bin/c++ -- works
[3.704s] -- Detecting CXX compiler ABI info
[4.214s] -- Detecting CXX compiler ABI info - done
[4.290s] -- Detecting CXX compile features
[4.293s] -- Detecting CXX compile features - done
[4.358s] CMake Error at CMakeLists.txt:4 (find_package):
[4.359s]   By not providing "Findcatkin.cmake" in CMAKE_MODULE_PATH this project has
[4.359s]   asked CMake to find a package configuration file provided by "catkin", but
[4.360s]   CMake did not find one.
[4.360s] 
[4.361s]   Could not find a package configuration file provided by "catkin" with any
[4.361s]   of the following names:
[4.362s] 
[4.365s]     catkinConfig.cmake
[4.366s]     catkin-config.cmake
[4.367s] 
[4.367s]   Add the installation prefix of "catkin" to CMAKE_PREFIX_PATH or set
[4.368s]   "catkin_DIR" to a directory containing one of the above files.  If "catkin"
[4.375s]   provides a separate development package or SDK, be sure it has been
[4.375s]   installed.
[4.376s] 
[4.377s] -- Configuring incomplete, errors occurred!
[4.377s] See also "/home/ubuntu/ros2_ws/src/build/microstrain_inertial_description/CMakeFiles/CMakeOutput.log".
[4.378s] 
