[0.749s] DEBUG:colcon:Command line arguments: ['/usr/bin/colcon', 'build']
[0.750s] DEBUG:colcon:Parsed command line arguments: Namespace(allow_overriding=[], ament_cmake_args=None, base_paths=['.'], build_base='build', catkin_cmake_args=None, catkin_skip_building_tests=False, cmake_args=None, cmake_clean_cache=False, cmake_clean_first=False, cmake_force_configure=False, cmake_target=None, cmake_target_skip_unavailable=False, continue_on_error=False, event_handlers=None, executor='parallel', ignore_user_meta=False, install_base='install', log_base=None, log_level=None, main=<bound method BuildVerb.main of <colcon_core.verb.build.BuildVerb object at 0xffffb71c48b0>>, merge_install=False, metas=['./colcon.meta'], mixin=None, mixin_files=None, mixin_verb=('build',), packages_above=None, packages_above_and_dependencies=None, packages_above_depth=None, packages_end=None, packages_ignore=None, packages_ignore_regex=None, packages_select=None, packages_select_build_failed=False, packages_select_by_dep=None, packages_select_regex=None, packages_select_test_failures=False, packages_skip=None, packages_skip_build_finished=False, packages_skip_by_dep=None, packages_skip_regex=None, packages_skip_test_passed=False, packages_skip_up_to=None, packages_start=None, packages_up_to=None, packages_up_to_regex=None, parallel_workers=4, paths=None, symlink_install=False, test_result_base=None, verb_extension=<colcon_core.verb.build.BuildVerb object at 0xffffb71c48b0>, verb_name='build', verb_parser=<colcon_mixin.mixin.mixin_argument.MixinArgumentDecorator object at 0xffffb7073760>)
[1.319s] Level 1:colcon.colcon_core.package_discovery:discover_packages(colcon_meta) check parameters
[1.320s] Level 1:colcon.colcon_core.package_discovery:discover_packages(recursive) check parameters
[1.320s] Level 1:colcon.colcon_core.package_discovery:discover_packages(ignore) check parameters
[1.320s] Level 1:colcon.colcon_core.package_discovery:discover_packages(path) check parameters
[1.320s] Level 1:colcon.colcon_core.package_discovery:discover_packages(colcon_meta) discover
[1.320s] Level 1:colcon.colcon_core.package_discovery:discover_packages(recursive) discover
[1.320s] INFO:colcon.colcon_core.package_discovery:Crawling recursively for packages in '/home/ubuntu/ros2_ws/src'
[1.321s] Level 1:colcon.colcon_core.package_identification:_identify(.) by extensions ['ignore', 'ignore_ament_install']
[1.321s] Level 1:colcon.colcon_core.package_identification:_identify(.) by extension 'ignore'
[1.321s] Level 1:colcon.colcon_core.package_identification:_identify(.) by extension 'ignore_ament_install'
[1.322s] Level 1:colcon.colcon_core.package_identification:_identify(.) by extensions ['colcon_pkg']
[1.322s] Level 1:colcon.colcon_core.package_identification:_identify(.) by extension 'colcon_pkg'
[1.322s] Level 1:colcon.colcon_core.package_identification:_identify(.) by extensions ['colcon_meta']
[1.322s] Level 1:colcon.colcon_core.package_identification:_identify(.) by extension 'colcon_meta'
[1.322s] Level 1:colcon.colcon_core.package_identification:_identify(.) by extensions ['ros']
[1.322s] Level 1:colcon.colcon_core.package_identification:_identify(.) by extension 'ros'
[1.388s] Level 1:colcon.colcon_core.package_identification:_identify(.) by extensions ['cmake', 'python']
[1.388s] Level 1:colcon.colcon_core.package_identification:_identify(.) by extension 'cmake'
[1.388s] Level 1:colcon.colcon_core.package_identification:_identify(.) by extension 'python'
[1.389s] Level 1:colcon.colcon_core.package_identification:_identify(.) by extensions ['python_setup_py']
[1.389s] Level 1:colcon.colcon_core.package_identification:_identify(.) by extension 'python_setup_py'
[1.389s] Level 1:colcon.colcon_core.package_identification:_identify(balance) by extensions ['ignore', 'ignore_ament_install']
[1.390s] Level 1:colcon.colcon_core.package_identification:_identify(balance) by extension 'ignore'
[1.390s] Level 1:colcon.colcon_core.package_identification:_identify(balance) by extension 'ignore_ament_install'
[1.390s] Level 1:colcon.colcon_core.package_identification:_identify(balance) by extensions ['colcon_pkg']
[1.390s] Level 1:colcon.colcon_core.package_identification:_identify(balance) by extension 'colcon_pkg'
[1.390s] Level 1:colcon.colcon_core.package_identification:_identify(balance) by extensions ['colcon_meta']
[1.390s] Level 1:colcon.colcon_core.package_identification:_identify(balance) by extension 'colcon_meta'
[1.391s] Level 1:colcon.colcon_core.package_identification:_identify(balance) by extensions ['ros']
[1.391s] Level 1:colcon.colcon_core.package_identification:_identify(balance) by extension 'ros'
[1.403s] DEBUG:colcon.colcon_core.package_identification:Package 'balance' with type 'ros.ament_python' and name 'balance'
[1.403s] Level 1:colcon.colcon_core.package_identification:_identify(build) by extensions ['ignore', 'ignore_ament_install']
[1.404s] Level 1:colcon.colcon_core.package_identification:_identify(build) by extension 'ignore'
[1.404s] Level 1:colcon.colcon_core.package_identification:_identify(build) ignored
[1.404s] Level 1:colcon.colcon_core.package_identification:_identify(install) by extensions ['ignore', 'ignore_ament_install']
[1.405s] Level 1:colcon.colcon_core.package_identification:_identify(install) by extension 'ignore'
[1.405s] Level 1:colcon.colcon_core.package_identification:_identify(install) ignored
[1.405s] Level 1:colcon.colcon_core.package_identification:_identify(log) by extensions ['ignore', 'ignore_ament_install']
[1.406s] Level 1:colcon.colcon_core.package_identification:_identify(log) by extension 'ignore'
[1.406s] Level 1:colcon.colcon_core.package_identification:_identify(log) ignored
[1.406s] Level 1:colcon.colcon_core.package_identification:_identify(microstrain_inertial) by extensions ['ignore', 'ignore_ament_install']
[1.406s] Level 1:colcon.colcon_core.package_identification:_identify(microstrain_inertial) by extension 'ignore'
[1.407s] Level 1:colcon.colcon_core.package_identification:_identify(microstrain_inertial) by extension 'ignore_ament_install'
[1.407s] Level 1:colcon.colcon_core.package_identification:_identify(microstrain_inertial) by extensions ['colcon_pkg']
[1.407s] Level 1:colcon.colcon_core.package_identification:_identify(microstrain_inertial) by extension 'colcon_pkg'
[1.407s] Level 1:colcon.colcon_core.package_identification:_identify(microstrain_inertial) by extensions ['colcon_meta']
[1.407s] Level 1:colcon.colcon_core.package_identification:_identify(microstrain_inertial) by extension 'colcon_meta'
[1.408s] Level 1:colcon.colcon_core.package_identification:_identify(microstrain_inertial) by extensions ['ros']
[1.408s] Level 1:colcon.colcon_core.package_identification:_identify(microstrain_inertial) by extension 'ros'
[1.408s] Level 1:colcon.colcon_core.package_identification:_identify(microstrain_inertial) by extensions ['cmake', 'python']
[1.408s] Level 1:colcon.colcon_core.package_identification:_identify(microstrain_inertial) by extension 'cmake'
[1.408s] Level 1:colcon.colcon_core.package_identification:_identify(microstrain_inertial) by extension 'python'
[1.409s] Level 1:colcon.colcon_core.package_identification:_identify(microstrain_inertial) by extensions ['python_setup_py']
[1.409s] Level 1:colcon.colcon_core.package_identification:_identify(microstrain_inertial) by extension 'python_setup_py'
[1.409s] Level 1:colcon.colcon_core.package_identification:_identify(microstrain_inertial/microstrain_inertial_description) by extensions ['ignore', 'ignore_ament_install']
[1.410s] Level 1:colcon.colcon_core.package_identification:_identify(microstrain_inertial/microstrain_inertial_description) by extension 'ignore'
[1.410s] Level 1:colcon.colcon_core.package_identification:_identify(microstrain_inertial/microstrain_inertial_description) by extension 'ignore_ament_install'
[1.410s] Level 1:colcon.colcon_core.package_identification:_identify(microstrain_inertial/microstrain_inertial_description) by extensions ['colcon_pkg']
[1.410s] Level 1:colcon.colcon_core.package_identification:_identify(microstrain_inertial/microstrain_inertial_description) by extension 'colcon_pkg'
[1.410s] Level 1:colcon.colcon_core.package_identification:_identify(microstrain_inertial/microstrain_inertial_description) by extensions ['colcon_meta']
[1.411s] Level 1:colcon.colcon_core.package_identification:_identify(microstrain_inertial/microstrain_inertial_description) by extension 'colcon_meta'
[1.411s] Level 1:colcon.colcon_core.package_identification:_identify(microstrain_inertial/microstrain_inertial_description) by extensions ['ros']
[1.411s] Level 1:colcon.colcon_core.package_identification:_identify(microstrain_inertial/microstrain_inertial_description) by extension 'ros'
[1.413s] DEBUG:colcon.colcon_core.package_identification:Package 'microstrain_inertial/microstrain_inertial_description' with type 'ros.catkin' and name 'microstrain_inertial_description'
[1.413s] Level 1:colcon.colcon_core.package_identification:_identify(microstrain_inertial/microstrain_inertial_driver) by extensions ['ignore', 'ignore_ament_install']
[1.414s] Level 1:colcon.colcon_core.package_identification:_identify(microstrain_inertial/microstrain_inertial_driver) by extension 'ignore'
[1.414s] Level 1:colcon.colcon_core.package_identification:_identify(microstrain_inertial/microstrain_inertial_driver) by extension 'ignore_ament_install'
[1.414s] Level 1:colcon.colcon_core.package_identification:_identify(microstrain_inertial/microstrain_inertial_driver) by extensions ['colcon_pkg']
[1.414s] Level 1:colcon.colcon_core.package_identification:_identify(microstrain_inertial/microstrain_inertial_driver) by extension 'colcon_pkg'
[1.415s] Level 1:colcon.colcon_core.package_identification:_identify(microstrain_inertial/microstrain_inertial_driver) by extensions ['colcon_meta']
[1.415s] Level 1:colcon.colcon_core.package_identification:_identify(microstrain_inertial/microstrain_inertial_driver) by extension 'colcon_meta'
[1.415s] Level 1:colcon.colcon_core.package_identification:_identify(microstrain_inertial/microstrain_inertial_driver) by extensions ['ros']
[1.415s] Level 1:colcon.colcon_core.package_identification:_identify(microstrain_inertial/microstrain_inertial_driver) by extension 'ros'
[1.422s] DEBUG:colcon.colcon_core.package_identification:Package 'microstrain_inertial/microstrain_inertial_driver' with type 'ros.catkin' and name 'microstrain_inertial_driver'
[1.423s] Level 1:colcon.colcon_core.package_identification:_identify(microstrain_inertial/microstrain_inertial_examples) by extensions ['ignore', 'ignore_ament_install']
[1.423s] Level 1:colcon.colcon_core.package_identification:_identify(microstrain_inertial/microstrain_inertial_examples) by extension 'ignore'
[1.423s] Level 1:colcon.colcon_core.package_identification:_identify(microstrain_inertial/microstrain_inertial_examples) by extension 'ignore_ament_install'
[1.424s] Level 1:colcon.colcon_core.package_identification:_identify(microstrain_inertial/microstrain_inertial_examples) by extensions ['colcon_pkg']
[1.424s] Level 1:colcon.colcon_core.package_identification:_identify(microstrain_inertial/microstrain_inertial_examples) by extension 'colcon_pkg'
[1.424s] Level 1:colcon.colcon_core.package_identification:_identify(microstrain_inertial/microstrain_inertial_examples) by extensions ['colcon_meta']
[1.425s] Level 1:colcon.colcon_core.package_identification:_identify(microstrain_inertial/microstrain_inertial_examples) by extension 'colcon_meta'
[1.425s] Level 1:colcon.colcon_core.package_identification:_identify(microstrain_inertial/microstrain_inertial_examples) by extensions ['ros']
[1.425s] Level 1:colcon.colcon_core.package_identification:_identify(microstrain_inertial/microstrain_inertial_examples) by extension 'ros'
[1.427s] DEBUG:colcon.colcon_core.package_identification:Package 'microstrain_inertial/microstrain_inertial_examples' with type 'ros.catkin' and name 'microstrain_inertial_examples'
[1.428s] Level 1:colcon.colcon_core.package_identification:_identify(microstrain_inertial/microstrain_inertial_msgs) by extensions ['ignore', 'ignore_ament_install']
[1.428s] Level 1:colcon.colcon_core.package_identification:_identify(microstrain_inertial/microstrain_inertial_msgs) by extension 'ignore'
[1.429s] Level 1:colcon.colcon_core.package_identification:_identify(microstrain_inertial/microstrain_inertial_msgs) by extension 'ignore_ament_install'
[1.429s] Level 1:colcon.colcon_core.package_identification:_identify(microstrain_inertial/microstrain_inertial_msgs) by extensions ['colcon_pkg']
[1.429s] Level 1:colcon.colcon_core.package_identification:_identify(microstrain_inertial/microstrain_inertial_msgs) by extension 'colcon_pkg'
[1.429s] Level 1:colcon.colcon_core.package_identification:_identify(microstrain_inertial/microstrain_inertial_msgs) by extensions ['colcon_meta']
[1.429s] Level 1:colcon.colcon_core.package_identification:_identify(microstrain_inertial/microstrain_inertial_msgs) by extension 'colcon_meta'
[1.429s] Level 1:colcon.colcon_core.package_identification:_identify(microstrain_inertial/microstrain_inertial_msgs) by extensions ['ros']
[1.430s] Level 1:colcon.colcon_core.package_identification:_identify(microstrain_inertial/microstrain_inertial_msgs) by extension 'ros'
[1.432s] DEBUG:colcon.colcon_core.package_identification:Package 'microstrain_inertial/microstrain_inertial_msgs' with type 'ros.catkin' and name 'microstrain_inertial_msgs'
[1.433s] Level 1:colcon.colcon_core.package_identification:_identify(microstrain_inertial/microstrain_inertial_rqt) by extensions ['ignore', 'ignore_ament_install']
[1.433s] Level 1:colcon.colcon_core.package_identification:_identify(microstrain_inertial/microstrain_inertial_rqt) by extension 'ignore'
[1.433s] Level 1:colcon.colcon_core.package_identification:_identify(microstrain_inertial/microstrain_inertial_rqt) by extension 'ignore_ament_install'
[1.433s] Level 1:colcon.colcon_core.package_identification:_identify(microstrain_inertial/microstrain_inertial_rqt) by extensions ['colcon_pkg']
[1.434s] Level 1:colcon.colcon_core.package_identification:_identify(microstrain_inertial/microstrain_inertial_rqt) by extension 'colcon_pkg'
[1.434s] Level 1:colcon.colcon_core.package_identification:_identify(microstrain_inertial/microstrain_inertial_rqt) by extensions ['colcon_meta']
[1.434s] Level 1:colcon.colcon_core.package_identification:_identify(microstrain_inertial/microstrain_inertial_rqt) by extension 'colcon_meta'
[1.434s] Level 1:colcon.colcon_core.package_identification:_identify(microstrain_inertial/microstrain_inertial_rqt) by extensions ['ros']
[1.434s] Level 1:colcon.colcon_core.package_identification:_identify(microstrain_inertial/microstrain_inertial_rqt) by extension 'ros'
[1.438s] DEBUG:colcon.colcon_core.package_identification:Package 'microstrain_inertial/microstrain_inertial_rqt' with type 'ros.catkin' and name 'microstrain_inertial_rqt'
[1.439s] Level 1:colcon.colcon_core.package_identification:_identify(my_package) by extensions ['ignore', 'ignore_ament_install']
[1.439s] Level 1:colcon.colcon_core.package_identification:_identify(my_package) by extension 'ignore'
[1.439s] Level 1:colcon.colcon_core.package_identification:_identify(my_package) by extension 'ignore_ament_install'
[1.440s] Level 1:colcon.colcon_core.package_identification:_identify(my_package) by extensions ['colcon_pkg']
[1.440s] Level 1:colcon.colcon_core.package_identification:_identify(my_package) by extension 'colcon_pkg'
[1.440s] Level 1:colcon.colcon_core.package_identification:_identify(my_package) by extensions ['colcon_meta']
[1.440s] Level 1:colcon.colcon_core.package_identification:_identify(my_package) by extension 'colcon_meta'
[1.440s] Level 1:colcon.colcon_core.package_identification:_identify(my_package) by extensions ['ros']
[1.440s] Level 1:colcon.colcon_core.package_identification:_identify(my_package) by extension 'ros'
[1.443s] DEBUG:colcon.colcon_core.package_identification:Package 'my_package' with type 'ros.ament_python' and name 'my_package'
[1.444s] Level 1:colcon.colcon_core.package_identification:_identify(py_pubsub) by extensions ['ignore', 'ignore_ament_install']
[1.444s] Level 1:colcon.colcon_core.package_identification:_identify(py_pubsub) by extension 'ignore'
[1.445s] Level 1:colcon.colcon_core.package_identification:_identify(py_pubsub) by extension 'ignore_ament_install'
[1.445s] Level 1:colcon.colcon_core.package_identification:_identify(py_pubsub) by extensions ['colcon_pkg']
[1.445s] Level 1:colcon.colcon_core.package_identification:_identify(py_pubsub) by extension 'colcon_pkg'
[1.445s] Level 1:colcon.colcon_core.package_identification:_identify(py_pubsub) by extensions ['colcon_meta']
[1.445s] Level 1:colcon.colcon_core.package_identification:_identify(py_pubsub) by extension 'colcon_meta'
[1.446s] Level 1:colcon.colcon_core.package_identification:_identify(py_pubsub) by extensions ['ros']
[1.446s] Level 1:colcon.colcon_core.package_identification:_identify(py_pubsub) by extension 'ros'
[1.448s] DEBUG:colcon.colcon_core.package_identification:Package 'py_pubsub' with type 'ros.ament_python' and name 'py_pubsub'
[1.449s] Level 1:colcon.colcon_core.package_identification:_identify(ros_tutorials) by extensions ['ignore', 'ignore_ament_install']
[1.449s] Level 1:colcon.colcon_core.package_identification:_identify(ros_tutorials) by extension 'ignore'
[1.450s] Level 1:colcon.colcon_core.package_identification:_identify(ros_tutorials) by extension 'ignore_ament_install'
[1.450s] Level 1:colcon.colcon_core.package_identification:_identify(ros_tutorials) by extensions ['colcon_pkg']
[1.450s] Level 1:colcon.colcon_core.package_identification:_identify(ros_tutorials) by extension 'colcon_pkg'
[1.451s] Level 1:colcon.colcon_core.package_identification:_identify(ros_tutorials) by extensions ['colcon_meta']
[1.451s] Level 1:colcon.colcon_core.package_identification:_identify(ros_tutorials) by extension 'colcon_meta'
[1.451s] Level 1:colcon.colcon_core.package_identification:_identify(ros_tutorials) by extensions ['ros']
[1.451s] Level 1:colcon.colcon_core.package_identification:_identify(ros_tutorials) by extension 'ros'
[1.452s] Level 1:colcon.colcon_core.package_identification:_identify(ros_tutorials) by extensions ['cmake', 'python']
[1.452s] Level 1:colcon.colcon_core.package_identification:_identify(ros_tutorials) by extension 'cmake'
[1.452s] Level 1:colcon.colcon_core.package_identification:_identify(ros_tutorials) by extension 'python'
[1.452s] Level 1:colcon.colcon_core.package_identification:_identify(ros_tutorials) by extensions ['python_setup_py']
[1.452s] Level 1:colcon.colcon_core.package_identification:_identify(ros_tutorials) by extension 'python_setup_py'
[1.453s] Level 1:colcon.colcon_core.package_identification:_identify(ros_tutorials/ros_tutorials) by extensions ['ignore', 'ignore_ament_install']
[1.453s] Level 1:colcon.colcon_core.package_identification:_identify(ros_tutorials/ros_tutorials) by extension 'ignore'
[1.453s] Level 1:colcon.colcon_core.package_identification:_identify(ros_tutorials/ros_tutorials) ignored
[1.454s] Level 1:colcon.colcon_core.package_identification:_identify(ros_tutorials/roscpp_tutorials) by extensions ['ignore', 'ignore_ament_install']
[1.454s] Level 1:colcon.colcon_core.package_identification:_identify(ros_tutorials/roscpp_tutorials) by extension 'ignore'
[1.454s] Level 1:colcon.colcon_core.package_identification:_identify(ros_tutorials/roscpp_tutorials) ignored
[1.455s] Level 1:colcon.colcon_core.package_identification:_identify(ros_tutorials/rospy_tutorials) by extensions ['ignore', 'ignore_ament_install']
[1.455s] Level 1:colcon.colcon_core.package_identification:_identify(ros_tutorials/rospy_tutorials) by extension 'ignore'
[1.455s] Level 1:colcon.colcon_core.package_identification:_identify(ros_tutorials/rospy_tutorials) ignored
[1.456s] Level 1:colcon.colcon_core.package_identification:_identify(ros_tutorials/turtlesim) by extensions ['ignore', 'ignore_ament_install']
[1.456s] Level 1:colcon.colcon_core.package_identification:_identify(ros_tutorials/turtlesim) by extension 'ignore'
[1.456s] Level 1:colcon.colcon_core.package_identification:_identify(ros_tutorials/turtlesim) by extension 'ignore_ament_install'
[1.457s] Level 1:colcon.colcon_core.package_identification:_identify(ros_tutorials/turtlesim) by extensions ['colcon_pkg']
[1.457s] Level 1:colcon.colcon_core.package_identification:_identify(ros_tutorials/turtlesim) by extension 'colcon_pkg'
[1.457s] Level 1:colcon.colcon_core.package_identification:_identify(ros_tutorials/turtlesim) by extensions ['colcon_meta']
[1.457s] Level 1:colcon.colcon_core.package_identification:_identify(ros_tutorials/turtlesim) by extension 'colcon_meta'
[1.457s] Level 1:colcon.colcon_core.package_identification:_identify(ros_tutorials/turtlesim) by extensions ['ros']
[1.457s] Level 1:colcon.colcon_core.package_identification:_identify(ros_tutorials/turtlesim) by extension 'ros'
[1.468s] DEBUG:colcon.colcon_core.package_identification:Package 'ros_tutorials/turtlesim' with type 'ros.ament_cmake' and name 'turtlesim'
[1.469s] Level 1:colcon.colcon_core.package_identification:_identify(wit_ros2_imu) by extensions ['ignore', 'ignore_ament_install']
[1.469s] Level 1:colcon.colcon_core.package_identification:_identify(wit_ros2_imu) by extension 'ignore'
[1.469s] Level 1:colcon.colcon_core.package_identification:_identify(wit_ros2_imu) by extension 'ignore_ament_install'
[1.469s] Level 1:colcon.colcon_core.package_identification:_identify(wit_ros2_imu) by extensions ['colcon_pkg']
[1.470s] Level 1:colcon.colcon_core.package_identification:_identify(wit_ros2_imu) by extension 'colcon_pkg'
[1.470s] Level 1:colcon.colcon_core.package_identification:_identify(wit_ros2_imu) by extensions ['colcon_meta']
[1.470s] Level 1:colcon.colcon_core.package_identification:_identify(wit_ros2_imu) by extension 'colcon_meta'
[1.470s] Level 1:colcon.colcon_core.package_identification:_identify(wit_ros2_imu) by extensions ['ros']
[1.470s] Level 1:colcon.colcon_core.package_identification:_identify(wit_ros2_imu) by extension 'ros'
[1.473s] DEBUG:colcon.colcon_core.package_identification:Package 'wit_ros2_imu' with type 'ros.ament_python' and name 'wit_ros2_imu'
[1.473s] Level 1:colcon.colcon_core.package_discovery:discover_packages(recursive) using defaults
[1.474s] Level 1:colcon.colcon_core.package_discovery:discover_packages(ignore) discover
[1.474s] Level 1:colcon.colcon_core.package_discovery:discover_packages(ignore) using defaults
[1.474s] Level 1:colcon.colcon_core.package_discovery:discover_packages(path) discover
[1.474s] Level 1:colcon.colcon_core.package_discovery:discover_packages(path) using defaults
[1.542s] Level 1:colcon.colcon_core.package_discovery:discover_packages(prefix_path) check parameters
[1.542s] Level 1:colcon.colcon_core.package_discovery:discover_packages(prefix_path) discover
[1.555s] DEBUG:colcon.colcon_installed_package_information.package_discovery:Found 5 installed packages in /home/ubuntu/ros2_ws/install
[1.561s] DEBUG:colcon.colcon_installed_package_information.package_discovery:Found 179 installed packages in /opt/ros/foxy
[1.567s] Level 1:colcon.colcon_core.package_discovery:discover_packages(prefix_path) using defaults
[1.808s] Level 5:colcon.colcon_core.verb:set package 'balance' build argument 'cmake_args' from command line to 'None'
[1.808s] Level 5:colcon.colcon_core.verb:set package 'balance' build argument 'cmake_target' from command line to 'None'
[1.808s] Level 5:colcon.colcon_core.verb:set package 'balance' build argument 'cmake_target_skip_unavailable' from command line to 'False'
[1.808s] Level 5:colcon.colcon_core.verb:set package 'balance' build argument 'cmake_clean_cache' from command line to 'False'
[1.808s] Level 5:colcon.colcon_core.verb:set package 'balance' build argument 'cmake_clean_first' from command line to 'False'
[1.808s] Level 5:colcon.colcon_core.verb:set package 'balance' build argument 'cmake_force_configure' from command line to 'False'
[1.809s] Level 5:colcon.colcon_core.verb:set package 'balance' build argument 'ament_cmake_args' from command line to 'None'
[1.809s] Level 5:colcon.colcon_core.verb:set package 'balance' build argument 'catkin_cmake_args' from command line to 'None'
[1.809s] Level 5:colcon.colcon_core.verb:set package 'balance' build argument 'catkin_skip_building_tests' from command line to 'False'
[1.809s] DEBUG:colcon.colcon_core.verb:Building package 'balance' with the following arguments: {'ament_cmake_args': None, 'build_base': '/home/ubuntu/ros2_ws/src/build/balance', 'catkin_cmake_args': None, 'catkin_skip_building_tests': False, 'cmake_args': None, 'cmake_clean_cache': False, 'cmake_clean_first': False, 'cmake_force_configure': False, 'cmake_target': None, 'cmake_target_skip_unavailable': False, 'install_base': '/home/ubuntu/ros2_ws/src/install/balance', 'merge_install': False, 'path': '/home/ubuntu/ros2_ws/src/balance', 'symlink_install': False, 'test_result_base': None}
[1.810s] Level 5:colcon.colcon_core.verb:set package 'microstrain_inertial_description' build argument 'cmake_args' from command line to 'None'
[1.811s] Level 5:colcon.colcon_core.verb:set package 'microstrain_inertial_description' build argument 'cmake_target' from command line to 'None'
[1.811s] Level 5:colcon.colcon_core.verb:set package 'microstrain_inertial_description' build argument 'cmake_target_skip_unavailable' from command line to 'False'
[1.811s] Level 5:colcon.colcon_core.verb:set package 'microstrain_inertial_description' build argument 'cmake_clean_cache' from command line to 'False'
[1.811s] Level 5:colcon.colcon_core.verb:set package 'microstrain_inertial_description' build argument 'cmake_clean_first' from command line to 'False'
[1.811s] Level 5:colcon.colcon_core.verb:set package 'microstrain_inertial_description' build argument 'cmake_force_configure' from command line to 'False'
[1.811s] Level 5:colcon.colcon_core.verb:set package 'microstrain_inertial_description' build argument 'ament_cmake_args' from command line to 'None'
[1.811s] Level 5:colcon.colcon_core.verb:set package 'microstrain_inertial_description' build argument 'catkin_cmake_args' from command line to 'None'
[1.811s] Level 5:colcon.colcon_core.verb:set package 'microstrain_inertial_description' build argument 'catkin_skip_building_tests' from command line to 'False'
[1.811s] DEBUG:colcon.colcon_core.verb:Building package 'microstrain_inertial_description' with the following arguments: {'ament_cmake_args': None, 'build_base': '/home/ubuntu/ros2_ws/src/build/microstrain_inertial_description', 'catkin_cmake_args': None, 'catkin_skip_building_tests': False, 'cmake_args': None, 'cmake_clean_cache': False, 'cmake_clean_first': False, 'cmake_force_configure': False, 'cmake_target': None, 'cmake_target_skip_unavailable': False, 'install_base': '/home/ubuntu/ros2_ws/src/install/microstrain_inertial_description', 'merge_install': False, 'path': '/home/ubuntu/ros2_ws/src/microstrain_inertial/microstrain_inertial_description', 'symlink_install': False, 'test_result_base': None}
[1.813s] Level 5:colcon.colcon_core.verb:set package 'microstrain_inertial_msgs' build argument 'cmake_args' from command line to 'None'
[1.813s] Level 5:colcon.colcon_core.verb:set package 'microstrain_inertial_msgs' build argument 'cmake_target' from command line to 'None'
[1.813s] Level 5:colcon.colcon_core.verb:set package 'microstrain_inertial_msgs' build argument 'cmake_target_skip_unavailable' from command line to 'False'
[1.813s] Level 5:colcon.colcon_core.verb:set package 'microstrain_inertial_msgs' build argument 'cmake_clean_cache' from command line to 'False'
[1.813s] Level 5:colcon.colcon_core.verb:set package 'microstrain_inertial_msgs' build argument 'cmake_clean_first' from command line to 'False'
[1.813s] Level 5:colcon.colcon_core.verb:set package 'microstrain_inertial_msgs' build argument 'cmake_force_configure' from command line to 'False'
[1.813s] Level 5:colcon.colcon_core.verb:set package 'microstrain_inertial_msgs' build argument 'ament_cmake_args' from command line to 'None'
[1.814s] Level 5:colcon.colcon_core.verb:set package 'microstrain_inertial_msgs' build argument 'catkin_cmake_args' from command line to 'None'
[1.814s] Level 5:colcon.colcon_core.verb:set package 'microstrain_inertial_msgs' build argument 'catkin_skip_building_tests' from command line to 'False'
[1.814s] DEBUG:colcon.colcon_core.verb:Building package 'microstrain_inertial_msgs' with the following arguments: {'ament_cmake_args': None, 'build_base': '/home/ubuntu/ros2_ws/src/build/microstrain_inertial_msgs', 'catkin_cmake_args': None, 'catkin_skip_building_tests': False, 'cmake_args': None, 'cmake_clean_cache': False, 'cmake_clean_first': False, 'cmake_force_configure': False, 'cmake_target': None, 'cmake_target_skip_unavailable': False, 'install_base': '/home/ubuntu/ros2_ws/src/install/microstrain_inertial_msgs', 'merge_install': False, 'path': '/home/ubuntu/ros2_ws/src/microstrain_inertial/microstrain_inertial_msgs', 'symlink_install': False, 'test_result_base': None}
[1.815s] Level 5:colcon.colcon_core.verb:set package 'my_package' build argument 'cmake_args' from command line to 'None'
[1.815s] Level 5:colcon.colcon_core.verb:set package 'my_package' build argument 'cmake_target' from command line to 'None'
[1.815s] Level 5:colcon.colcon_core.verb:set package 'my_package' build argument 'cmake_target_skip_unavailable' from command line to 'False'
[1.816s] Level 5:colcon.colcon_core.verb:set package 'my_package' build argument 'cmake_clean_cache' from command line to 'False'
[1.816s] Level 5:colcon.colcon_core.verb:set package 'my_package' build argument 'cmake_clean_first' from command line to 'False'
[1.816s] Level 5:colcon.colcon_core.verb:set package 'my_package' build argument 'cmake_force_configure' from command line to 'False'
[1.816s] Level 5:colcon.colcon_core.verb:set package 'my_package' build argument 'ament_cmake_args' from command line to 'None'
[1.816s] Level 5:colcon.colcon_core.verb:set package 'my_package' build argument 'catkin_cmake_args' from command line to 'None'
[1.816s] Level 5:colcon.colcon_core.verb:set package 'my_package' build argument 'catkin_skip_building_tests' from command line to 'False'
[1.816s] DEBUG:colcon.colcon_core.verb:Building package 'my_package' with the following arguments: {'ament_cmake_args': None, 'build_base': '/home/ubuntu/ros2_ws/src/build/my_package', 'catkin_cmake_args': None, 'catkin_skip_building_tests': False, 'cmake_args': None, 'cmake_clean_cache': False, 'cmake_clean_first': False, 'cmake_force_configure': False, 'cmake_target': None, 'cmake_target_skip_unavailable': False, 'install_base': '/home/ubuntu/ros2_ws/src/install/my_package', 'merge_install': False, 'path': '/home/ubuntu/ros2_ws/src/my_package', 'symlink_install': False, 'test_result_base': None}
[1.818s] Level 5:colcon.colcon_core.verb:set package 'py_pubsub' build argument 'cmake_args' from command line to 'None'
[1.818s] Level 5:colcon.colcon_core.verb:set package 'py_pubsub' build argument 'cmake_target' from command line to 'None'
[1.818s] Level 5:colcon.colcon_core.verb:set package 'py_pubsub' build argument 'cmake_target_skip_unavailable' from command line to 'False'
[1.818s] Level 5:colcon.colcon_core.verb:set package 'py_pubsub' build argument 'cmake_clean_cache' from command line to 'False'
[1.818s] Level 5:colcon.colcon_core.verb:set package 'py_pubsub' build argument 'cmake_clean_first' from command line to 'False'
[1.818s] Level 5:colcon.colcon_core.verb:set package 'py_pubsub' build argument 'cmake_force_configure' from command line to 'False'
[1.818s] Level 5:colcon.colcon_core.verb:set package 'py_pubsub' build argument 'ament_cmake_args' from command line to 'None'
[1.818s] Level 5:colcon.colcon_core.verb:set package 'py_pubsub' build argument 'catkin_cmake_args' from command line to 'None'
[1.818s] Level 5:colcon.colcon_core.verb:set package 'py_pubsub' build argument 'catkin_skip_building_tests' from command line to 'False'
[1.818s] DEBUG:colcon.colcon_core.verb:Building package 'py_pubsub' with the following arguments: {'ament_cmake_args': None, 'build_base': '/home/ubuntu/ros2_ws/src/build/py_pubsub', 'catkin_cmake_args': None, 'catkin_skip_building_tests': False, 'cmake_args': None, 'cmake_clean_cache': False, 'cmake_clean_first': False, 'cmake_force_configure': False, 'cmake_target': None, 'cmake_target_skip_unavailable': False, 'install_base': '/home/ubuntu/ros2_ws/src/install/py_pubsub', 'merge_install': False, 'path': '/home/ubuntu/ros2_ws/src/py_pubsub', 'symlink_install': False, 'test_result_base': None}
[1.820s] Level 5:colcon.colcon_core.verb:set package 'turtlesim' build argument 'cmake_args' from command line to 'None'
[1.820s] Level 5:colcon.colcon_core.verb:set package 'turtlesim' build argument 'cmake_target' from command line to 'None'
[1.820s] Level 5:colcon.colcon_core.verb:set package 'turtlesim' build argument 'cmake_target_skip_unavailable' from command line to 'False'
[1.820s] Level 5:colcon.colcon_core.verb:set package 'turtlesim' build argument 'cmake_clean_cache' from command line to 'False'
[1.820s] Level 5:colcon.colcon_core.verb:set package 'turtlesim' build argument 'cmake_clean_first' from command line to 'False'
[1.820s] Level 5:colcon.colcon_core.verb:set package 'turtlesim' build argument 'cmake_force_configure' from command line to 'False'
[1.820s] Level 5:colcon.colcon_core.verb:set package 'turtlesim' build argument 'ament_cmake_args' from command line to 'None'
[1.821s] Level 5:colcon.colcon_core.verb:set package 'turtlesim' build argument 'catkin_cmake_args' from command line to 'None'
[1.821s] Level 5:colcon.colcon_core.verb:set package 'turtlesim' build argument 'catkin_skip_building_tests' from command line to 'False'
[1.821s] DEBUG:colcon.colcon_core.verb:Building package 'turtlesim' with the following arguments: {'ament_cmake_args': None, 'build_base': '/home/ubuntu/ros2_ws/src/build/turtlesim', 'catkin_cmake_args': None, 'catkin_skip_building_tests': False, 'cmake_args': None, 'cmake_clean_cache': False, 'cmake_clean_first': False, 'cmake_force_configure': False, 'cmake_target': None, 'cmake_target_skip_unavailable': False, 'install_base': '/home/ubuntu/ros2_ws/src/install/turtlesim', 'merge_install': False, 'path': '/home/ubuntu/ros2_ws/src/ros_tutorials/turtlesim', 'symlink_install': False, 'test_result_base': None}
[1.822s] Level 5:colcon.colcon_core.verb:set package 'wit_ros2_imu' build argument 'cmake_args' from command line to 'None'
[1.822s] Level 5:colcon.colcon_core.verb:set package 'wit_ros2_imu' build argument 'cmake_target' from command line to 'None'
[1.822s] Level 5:colcon.colcon_core.verb:set package 'wit_ros2_imu' build argument 'cmake_target_skip_unavailable' from command line to 'False'
[1.823s] Level 5:colcon.colcon_core.verb:set package 'wit_ros2_imu' build argument 'cmake_clean_cache' from command line to 'False'
[1.823s] Level 5:colcon.colcon_core.verb:set package 'wit_ros2_imu' build argument 'cmake_clean_first' from command line to 'False'
[1.823s] Level 5:colcon.colcon_core.verb:set package 'wit_ros2_imu' build argument 'cmake_force_configure' from command line to 'False'
[1.823s] Level 5:colcon.colcon_core.verb:set package 'wit_ros2_imu' build argument 'ament_cmake_args' from command line to 'None'
[1.823s] Level 5:colcon.colcon_core.verb:set package 'wit_ros2_imu' build argument 'catkin_cmake_args' from command line to 'None'
[1.823s] Level 5:colcon.colcon_core.verb:set package 'wit_ros2_imu' build argument 'catkin_skip_building_tests' from command line to 'False'
[1.823s] DEBUG:colcon.colcon_core.verb:Building package 'wit_ros2_imu' with the following arguments: {'ament_cmake_args': None, 'build_base': '/home/ubuntu/ros2_ws/src/build/wit_ros2_imu', 'catkin_cmake_args': None, 'catkin_skip_building_tests': False, 'cmake_args': None, 'cmake_clean_cache': False, 'cmake_clean_first': False, 'cmake_force_configure': False, 'cmake_target': None, 'cmake_target_skip_unavailable': False, 'install_base': '/home/ubuntu/ros2_ws/src/install/wit_ros2_imu', 'merge_install': False, 'path': '/home/ubuntu/ros2_ws/src/wit_ros2_imu', 'symlink_install': False, 'test_result_base': None}
[1.825s] Level 5:colcon.colcon_core.verb:set package 'microstrain_inertial_driver' build argument 'cmake_args' from command line to 'None'
[1.825s] Level 5:colcon.colcon_core.verb:set package 'microstrain_inertial_driver' build argument 'cmake_target' from command line to 'None'
[1.825s] Level 5:colcon.colcon_core.verb:set package 'microstrain_inertial_driver' build argument 'cmake_target_skip_unavailable' from command line to 'False'
[1.825s] Level 5:colcon.colcon_core.verb:set package 'microstrain_inertial_driver' build argument 'cmake_clean_cache' from command line to 'False'
[1.825s] Level 5:colcon.colcon_core.verb:set package 'microstrain_inertial_driver' build argument 'cmake_clean_first' from command line to 'False'
[1.825s] Level 5:colcon.colcon_core.verb:set package 'microstrain_inertial_driver' build argument 'cmake_force_configure' from command line to 'False'
[1.825s] Level 5:colcon.colcon_core.verb:set package 'microstrain_inertial_driver' build argument 'ament_cmake_args' from command line to 'None'
[1.825s] Level 5:colcon.colcon_core.verb:set package 'microstrain_inertial_driver' build argument 'catkin_cmake_args' from command line to 'None'
[1.825s] Level 5:colcon.colcon_core.verb:set package 'microstrain_inertial_driver' build argument 'catkin_skip_building_tests' from command line to 'False'
[1.826s] DEBUG:colcon.colcon_core.verb:Building package 'microstrain_inertial_driver' with the following arguments: {'ament_cmake_args': None, 'build_base': '/home/ubuntu/ros2_ws/src/build/microstrain_inertial_driver', 'catkin_cmake_args': None, 'catkin_skip_building_tests': False, 'cmake_args': None, 'cmake_clean_cache': False, 'cmake_clean_first': False, 'cmake_force_configure': False, 'cmake_target': None, 'cmake_target_skip_unavailable': False, 'install_base': '/home/ubuntu/ros2_ws/src/install/microstrain_inertial_driver', 'merge_install': False, 'path': '/home/ubuntu/ros2_ws/src/microstrain_inertial/microstrain_inertial_driver', 'symlink_install': False, 'test_result_base': None}
[1.827s] Level 5:colcon.colcon_core.verb:set package 'microstrain_inertial_rqt' build argument 'cmake_args' from command line to 'None'
[1.827s] Level 5:colcon.colcon_core.verb:set package 'microstrain_inertial_rqt' build argument 'cmake_target' from command line to 'None'
[1.827s] Level 5:colcon.colcon_core.verb:set package 'microstrain_inertial_rqt' build argument 'cmake_target_skip_unavailable' from command line to 'False'
[1.827s] Level 5:colcon.colcon_core.verb:set package 'microstrain_inertial_rqt' build argument 'cmake_clean_cache' from command line to 'False'
[1.827s] Level 5:colcon.colcon_core.verb:set package 'microstrain_inertial_rqt' build argument 'cmake_clean_first' from command line to 'False'
[1.827s] Level 5:colcon.colcon_core.verb:set package 'microstrain_inertial_rqt' build argument 'cmake_force_configure' from command line to 'False'
[1.827s] Level 5:colcon.colcon_core.verb:set package 'microstrain_inertial_rqt' build argument 'ament_cmake_args' from command line to 'None'
[1.828s] Level 5:colcon.colcon_core.verb:set package 'microstrain_inertial_rqt' build argument 'catkin_cmake_args' from command line to 'None'
[1.828s] Level 5:colcon.colcon_core.verb:set package 'microstrain_inertial_rqt' build argument 'catkin_skip_building_tests' from command line to 'False'
[1.828s] DEBUG:colcon.colcon_core.verb:Building package 'microstrain_inertial_rqt' with the following arguments: {'ament_cmake_args': None, 'build_base': '/home/ubuntu/ros2_ws/src/build/microstrain_inertial_rqt', 'catkin_cmake_args': None, 'catkin_skip_building_tests': False, 'cmake_args': None, 'cmake_clean_cache': False, 'cmake_clean_first': False, 'cmake_force_configure': False, 'cmake_target': None, 'cmake_target_skip_unavailable': False, 'install_base': '/home/ubuntu/ros2_ws/src/install/microstrain_inertial_rqt', 'merge_install': False, 'path': '/home/ubuntu/ros2_ws/src/microstrain_inertial/microstrain_inertial_rqt', 'symlink_install': False, 'test_result_base': None}
[1.829s] Level 5:colcon.colcon_core.verb:set package 'microstrain_inertial_examples' build argument 'cmake_args' from command line to 'None'
[1.829s] Level 5:colcon.colcon_core.verb:set package 'microstrain_inertial_examples' build argument 'cmake_target' from command line to 'None'
[1.829s] Level 5:colcon.colcon_core.verb:set package 'microstrain_inertial_examples' build argument 'cmake_target_skip_unavailable' from command line to 'False'
[1.830s] Level 5:colcon.colcon_core.verb:set package 'microstrain_inertial_examples' build argument 'cmake_clean_cache' from command line to 'False'
[1.830s] Level 5:colcon.colcon_core.verb:set package 'microstrain_inertial_examples' build argument 'cmake_clean_first' from command line to 'False'
[1.830s] Level 5:colcon.colcon_core.verb:set package 'microstrain_inertial_examples' build argument 'cmake_force_configure' from command line to 'False'
[1.830s] Level 5:colcon.colcon_core.verb:set package 'microstrain_inertial_examples' build argument 'ament_cmake_args' from command line to 'None'
[1.830s] Level 5:colcon.colcon_core.verb:set package 'microstrain_inertial_examples' build argument 'catkin_cmake_args' from command line to 'None'
[1.830s] Level 5:colcon.colcon_core.verb:set package 'microstrain_inertial_examples' build argument 'catkin_skip_building_tests' from command line to 'False'
[1.830s] DEBUG:colcon.colcon_core.verb:Building package 'microstrain_inertial_examples' with the following arguments: {'ament_cmake_args': None, 'build_base': '/home/ubuntu/ros2_ws/src/build/microstrain_inertial_examples', 'catkin_cmake_args': None, 'catkin_skip_building_tests': False, 'cmake_args': None, 'cmake_clean_cache': False, 'cmake_clean_first': False, 'cmake_force_configure': False, 'cmake_target': None, 'cmake_target_skip_unavailable': False, 'install_base': '/home/ubuntu/ros2_ws/src/install/microstrain_inertial_examples', 'merge_install': False, 'path': '/home/ubuntu/ros2_ws/src/microstrain_inertial/microstrain_inertial_examples', 'symlink_install': False, 'test_result_base': None}
[1.831s] INFO:colcon.colcon_core.executor:Executing jobs using 'parallel' executor
[1.834s] DEBUG:colcon.colcon_parallel_executor.executor.parallel:run_until_complete
[1.835s] INFO:colcon.colcon_ros.task.catkin.build:Building ROS package in '/home/ubuntu/ros2_ws/src/microstrain_inertial/microstrain_inertial_msgs' with build type 'catkin'
[1.836s] INFO:colcon.colcon_cmake.task.cmake.build:Building CMake package in '/home/ubuntu/ros2_ws/src/microstrain_inertial/microstrain_inertial_msgs'
[1.852s] INFO:colcon.colcon_core.plugin_system:Skipping extension 'colcon_core.shell.bat': Not used on non-Windows systems
[1.854s] INFO:colcon.colcon_core.shell:Skip shell extension 'powershell' for command environment: Not usable outside of PowerShell
[1.854s] DEBUG:colcon.colcon_core.shell:Skip shell extension 'dsv' for command environment
[1.878s] INFO:colcon.colcon_ros.task.ament_python.build:Building ROS package in '/home/ubuntu/ros2_ws/src/balance' with build type 'ament_python'
[1.879s] Level 1:colcon.colcon_core.shell:create_environment_hook('balance', 'ament_prefix_path')
[1.881s] INFO:colcon.colcon_core.shell:Creating environment hook '/home/ubuntu/ros2_ws/src/install/balance/share/balance/hook/ament_prefix_path.ps1'
[1.887s] INFO:colcon.colcon_core.shell:Creating environment descriptor '/home/ubuntu/ros2_ws/src/install/balance/share/balance/hook/ament_prefix_path.dsv'
[1.890s] INFO:colcon.colcon_core.shell:Creating environment hook '/home/ubuntu/ros2_ws/src/install/balance/share/balance/hook/ament_prefix_path.sh'
[1.893s] INFO:colcon.colcon_core.shell:Skip shell extension 'powershell' for command environment: Not usable outside of PowerShell
[1.893s] DEBUG:colcon.colcon_core.shell:Skip shell extension 'dsv' for command environment
[1.914s] INFO:colcon.colcon_ros.task.catkin.build:Building ROS package in '/home/ubuntu/ros2_ws/src/microstrain_inertial/microstrain_inertial_description' with build type 'catkin'
[1.915s] INFO:colcon.colcon_cmake.task.cmake.build:Building CMake package in '/home/ubuntu/ros2_ws/src/microstrain_inertial/microstrain_inertial_description'
[1.917s] INFO:colcon.colcon_core.shell:Skip shell extension 'powershell' for command environment: Not usable outside of PowerShell
[1.918s] DEBUG:colcon.colcon_core.shell:Skip shell extension 'dsv' for command environment
[1.940s] INFO:colcon.colcon_ros.task.ament_python.build:Building ROS package in '/home/ubuntu/ros2_ws/src/my_package' with build type 'ament_python'
[1.941s] Level 1:colcon.colcon_core.shell:create_environment_hook('my_package', 'ament_prefix_path')
[1.943s] INFO:colcon.colcon_core.shell:Creating environment hook '/home/ubuntu/ros2_ws/src/install/my_package/share/my_package/hook/ament_prefix_path.ps1'
[1.947s] INFO:colcon.colcon_core.shell:Creating environment descriptor '/home/ubuntu/ros2_ws/src/install/my_package/share/my_package/hook/ament_prefix_path.dsv'
[1.949s] INFO:colcon.colcon_core.shell:Creating environment hook '/home/ubuntu/ros2_ws/src/install/my_package/share/my_package/hook/ament_prefix_path.sh'
[1.952s] INFO:colcon.colcon_core.shell:Skip shell extension 'powershell' for command environment: Not usable outside of PowerShell
[1.952s] DEBUG:colcon.colcon_core.shell:Skip shell extension 'dsv' for command environment
[1.987s] DEBUG:colcon.colcon_core.event_handler.log_command:Invoking command in '/home/ubuntu/ros2_ws/src/build/microstrain_inertial_msgs': /usr/bin/cmake /home/ubuntu/ros2_ws/src/microstrain_inertial/microstrain_inertial_msgs -DCATKIN_INSTALL_INTO_PREFIX_ROOT=0 -DCMAKE_INSTALL_PREFIX=/home/ubuntu/ros2_ws/src/install/microstrain_inertial_msgs
[3.228s] INFO:colcon.colcon_core.task.python.build:Building Python package in '/home/ubuntu/ros2_ws/src/balance'
[3.230s] INFO:colcon.colcon_core.shell:Skip shell extension 'powershell' for command environment: Not usable outside of PowerShell
[3.231s] DEBUG:colcon.colcon_core.shell:Skip shell extension 'dsv' for command environment
[3.271s] DEBUG:colcon.colcon_core.event_handler.log_command:Invoking command in '/home/ubuntu/ros2_ws/src/build/microstrain_inertial_description': /usr/bin/cmake /home/ubuntu/ros2_ws/src/microstrain_inertial/microstrain_inertial_description -DCATKIN_INSTALL_INTO_PREFIX_ROOT=0 -DCMAKE_INSTALL_PREFIX=/home/ubuntu/ros2_ws/src/install/microstrain_inertial_description
[4.904s] INFO:colcon.colcon_core.task.python.build:Building Python package in '/home/ubuntu/ros2_ws/src/my_package'
[4.907s] INFO:colcon.colcon_core.shell:Skip shell extension 'powershell' for command environment: Not usable outside of PowerShell
[4.907s] DEBUG:colcon.colcon_core.shell:Skip shell extension 'dsv' for command environment
[5.516s] DEBUG:colcon.colcon_core.event_handler.log_command:Invoked command in '/home/ubuntu/ros2_ws/src/build/microstrain_inertial_msgs' returned '1': /usr/bin/cmake /home/ubuntu/ros2_ws/src/microstrain_inertial/microstrain_inertial_msgs -DCATKIN_INSTALL_INTO_PREFIX_ROOT=0 -DCMAKE_INSTALL_PREFIX=/home/ubuntu/ros2_ws/src/install/microstrain_inertial_msgs
[5.586s] Level 1:colcon.colcon_core.environment:create_environment_scripts_only(microstrain_inertial_msgs)
[5.634s] Level 1:colcon.colcon_core.environment:checking '/home/ubuntu/ros2_ws/src/install/microstrain_inertial_msgs' for CMake module files
[5.636s] Level 1:colcon.colcon_core.environment:checking '/home/ubuntu/ros2_ws/src/install/microstrain_inertial_msgs' for CMake config files
[5.638s] Level 1:colcon.colcon_core.environment:checking '/home/ubuntu/ros2_ws/src/install/microstrain_inertial_msgs/bin'
[5.639s] Level 1:colcon.colcon_core.environment:checking '/home/ubuntu/ros2_ws/src/install/microstrain_inertial_msgs/lib/pkgconfig/microstrain_inertial_msgs.pc'
[5.640s] Level 1:colcon.colcon_core.environment:checking '/home/ubuntu/ros2_ws/src/install/microstrain_inertial_msgs/lib/python3.8/site-packages'
[5.641s] Level 1:colcon.colcon_core.environment:checking '/home/ubuntu/ros2_ws/src/install/microstrain_inertial_msgs/bin'
[5.643s] INFO:colcon.colcon_core.shell:Creating package script '/home/ubuntu/ros2_ws/src/install/microstrain_inertial_msgs/share/microstrain_inertial_msgs/package.ps1'
[5.659s] INFO:colcon.colcon_core.shell:Creating package descriptor '/home/ubuntu/ros2_ws/src/install/microstrain_inertial_msgs/share/microstrain_inertial_msgs/package.dsv'
[5.664s] INFO:colcon.colcon_core.shell:Creating package script '/home/ubuntu/ros2_ws/src/install/microstrain_inertial_msgs/share/microstrain_inertial_msgs/package.sh'
[5.679s] INFO:colcon.colcon_core.shell:Creating package script '/home/ubuntu/ros2_ws/src/install/microstrain_inertial_msgs/share/microstrain_inertial_msgs/package.bash'
[5.685s] INFO:colcon.colcon_core.shell:Creating package script '/home/ubuntu/ros2_ws/src/install/microstrain_inertial_msgs/share/microstrain_inertial_msgs/package.zsh'
[5.689s] Level 1:colcon.colcon_core.environment:create_file_with_runtime_dependencies(/home/ubuntu/ros2_ws/src/install/microstrain_inertial_msgs/share/colcon-core/packages/microstrain_inertial_msgs)
[7.310s] DEBUG:colcon.colcon_parallel_executor.executor.parallel:closing loop
[7.311s] DEBUG:colcon.colcon_parallel_executor.executor.parallel:loop closed
[7.311s] DEBUG:colcon.colcon_parallel_executor.executor.parallel:run_until_complete finished with '1'
[7.312s] DEBUG:colcon.colcon_core.event_reactor:joining thread
[7.349s] INFO:colcon.colcon_core.plugin_system:Skipping extension 'colcon_notification.desktop_notification.notify_send': Could not find 'notify-send'
[7.349s] INFO:colcon.colcon_core.plugin_system:Skipping extension 'colcon_notification.desktop_notification.terminal_notifier': Not used on non-Darwin systems
[7.349s] INFO:colcon.colcon_core.plugin_system:Skipping extension 'colcon_notification.desktop_notification.win32': Not used on non-Windows systems
[7.350s] INFO:colcon.colcon_notification.desktop_notification:Sending desktop notification using 'notify2'
[7.395s] DEBUG:colcon.colcon_notification.desktop_notification.notify2:Failed to initialize notify2: org.freedesktop.DBus.Error.ServiceUnknown: The name org.freedesktop.Notifications was not provided by any .service files
[7.395s] DEBUG:colcon.colcon_core.event_reactor:joined thread
[7.397s] INFO:colcon.colcon_core.shell:Creating prefix script '/home/ubuntu/ros2_ws/src/install/local_setup.ps1'
[7.401s] INFO:colcon.colcon_core.shell:Creating prefix util module '/home/ubuntu/ros2_ws/src/install/_local_setup_util_ps1.py'
[7.411s] INFO:colcon.colcon_core.shell:Creating prefix chain script '/home/ubuntu/ros2_ws/src/install/setup.ps1'
[7.418s] INFO:colcon.colcon_core.shell:Creating prefix script '/home/ubuntu/ros2_ws/src/install/local_setup.sh'
[7.422s] INFO:colcon.colcon_core.shell:Creating prefix util module '/home/ubuntu/ros2_ws/src/install/_local_setup_util_sh.py'
[7.425s] INFO:colcon.colcon_core.shell:Creating prefix chain script '/home/ubuntu/ros2_ws/src/install/setup.sh'
[7.431s] INFO:colcon.colcon_core.shell:Creating prefix script '/home/ubuntu/ros2_ws/src/install/local_setup.bash'
[7.434s] INFO:colcon.colcon_core.shell:Creating prefix chain script '/home/ubuntu/ros2_ws/src/install/setup.bash'
[7.441s] INFO:colcon.colcon_core.shell:Creating prefix script '/home/ubuntu/ros2_ws/src/install/local_setup.zsh'
[7.445s] INFO:colcon.colcon_core.shell:Creating prefix chain script '/home/ubuntu/ros2_ws/src/install/setup.zsh'
